2021-03-24T04:39:20+00:00 INFO Scheduling sync...
2021-03-24T04:39:20+00:00 INFO Queued 1 IDs.
2021-03-24T04:39:21+00:00 INFO Syncing IDs: [38468]
2021-03-24T04:39:21+00:00 INFO Task complete.
2021-03-24T04:39:21+00:00 INFO Sync complete.
2021-03-24T04:40:06+00:00 INFO Scheduling sync...
2021-03-24T04:40:06+00:00 INFO Queued 1 IDs.
2021-03-24T04:40:08+00:00 INFO Syncing IDs: [38468]
2021-03-24T04:40:08+00:00 INFO Task complete.
2021-03-24T04:40:08+00:00 INFO Sync complete.
2021-03-24T04:46:53+00:00 INFO Scheduling sync...
2021-03-24T04:46:53+00:00 INFO Queued 1 IDs.
2021-03-24T04:46:54+00:00 INFO Syncing IDs: [38468]
2021-03-24T04:46:54+00:00 INFO Task complete.
2021-03-24T04:46:54+00:00 INFO Sync complete.
2021-03-24T04:48:30+00:00 INFO Scheduling sync...
2021-03-24T04:48:30+00:00 INFO Queued 1 IDs.
2021-03-24T04:48:31+00:00 INFO Syncing IDs: [38468]
2021-03-24T04:48:31+00:00 INFO Task complete.
2021-03-24T04:48:31+00:00 INFO Sync complete.
